<?xml version="1.0" encoding="UTF-8"?>
<testsuite xmlns:xsi="http://www.w3.org/2001/XMLSchema-instance" xsi:noNamespaceSchemaLocation="https://maven.apache.org/surefire/maven-surefire-plugin/xsd/surefire-test-report-3.0.xsd" version="3.0" name="com.codeforces.AddStringTest" time="0.044" tests="5" errors="0" skipped="0" failures="0">
  <properties>
    <property name="sun.desktop" value="gnome"/>
    <property name="awt.toolkit" value="sun.awt.X11.XToolkit"/>
    <property name="file.encoding.pkg" value="sun.io"/>
    <property name="jdk.extensions.version" value="21.0.4.0"/>
    <property name="java.specification.version" value="21"/>
    <property name="sun.jnu.encoding" value="UTF-8"/>
    <property name="java.class.path" value="/home/ali/Documents/kata/target/test-classes:/home/ali/Documents/kata/target/classes:/home/ali/.m2/repository/org/junit/jupiter/junit-jupiter/5.9.2/junit-jupiter-5.9.2.jar:/home/ali/.m2/repository/org/junit/jupiter/junit-jupiter-api/5.9.2/junit-jupiter-api-5.9.2.jar:/home/ali/.m2/repository/org/opentest4j/opentest4j/1.2.0/opentest4j-1.2.0.jar:/home/ali/.m2/repository/org/junit/platform/junit-platform-commons/1.9.2/junit-platform-commons-1.9.2.jar:/home/ali/.m2/repository/org/junit/jupiter/junit-jupiter-params/5.9.2/junit-jupiter-params-5.9.2.jar:/home/ali/.m2/repository/org/junit/jupiter/junit-jupiter-engine/5.9.2/junit-jupiter-engine-5.9.2.jar:/home/ali/.m2/repository/org/junit/platform/junit-platform-engine/1.9.2/junit-platform-engine-1.9.2.jar:/home/ali/.m2/repository/net/jqwik/jqwik/1.8.5/jqwik-1.8.5.jar:/home/ali/.m2/repository/org/apiguardian/apiguardian-api/1.1.2/apiguardian-api-1.1.2.jar:/home/ali/.m2/repository/net/jqwik/jqwik-api/1.8.5/jqwik-api-1.8.5.jar:/home/ali/.m2/repository/net/jqwik/jqwik-web/1.8.5/jqwik-web-1.8.5.jar:/home/ali/.m2/repository/net/jqwik/jqwik-time/1.8.5/jqwik-time-1.8.5.jar:/home/ali/.m2/repository/net/jqwik/jqwik-engine/1.8.5/jqwik-engine-1.8.5.jar:/home/ali/.m2/repository/org/assertj/assertj-core/3.24.2/assertj-core-3.24.2.jar:/home/ali/.m2/repository/net/bytebuddy/byte-buddy/1.12.21/byte-buddy-1.12.21.jar:/home/ali/.m2/repository/org/projectlombok/lombok/1.18.34/lombok-1.18.34.jar:"/>
    <property name="java.vm.vendor" value="Eclipse OpenJ9"/>
    <property name="sun.arch.data.model" value="64"/>
    <property name="com.ibm.vm.bitmode" value="64"/>
    <property name="user.variant" value=""/>
    <property name="com.ibm.oti.vm.library.version" value="29"/>
    <property name="java.vendor.url" value="https://www.ibm.com/semeru-runtimes"/>
    <property name="os.name" value="Linux"/>
    <property name="java.vm.specification.version" value="21"/>
    <property name="user.country" value="US"/>
    <property name="sun.java.launcher" value="SUN_STANDARD"/>
    <property name="sun.boot.library.path" value="/home/ali/.jdks/semeru-21.0.4/lib/default:/home/ali/.jdks/semeru-21.0.4/lib"/>
    <property name="sun.java.command" value="/home/ali/Documents/kata/target/surefire/surefirebooter-20240908122158083_3.jar /home/ali/Documents/kata/target/surefire 2024-09-08T12-21-58_038-jvmRun1 surefire-20240908122158083_1tmp surefire_0-20240908122158083_2tmp"/>
    <property name="surefire.test.class.path" value="/home/ali/Documents/kata/target/test-classes:/home/ali/Documents/kata/target/classes:/home/ali/.m2/repository/org/junit/jupiter/junit-jupiter/5.9.2/junit-jupiter-5.9.2.jar:/home/ali/.m2/repository/org/junit/jupiter/junit-jupiter-api/5.9.2/junit-jupiter-api-5.9.2.jar:/home/ali/.m2/repository/org/opentest4j/opentest4j/1.2.0/opentest4j-1.2.0.jar:/home/ali/.m2/repository/org/junit/platform/junit-platform-commons/1.9.2/junit-platform-commons-1.9.2.jar:/home/ali/.m2/repository/org/junit/jupiter/junit-jupiter-params/5.9.2/junit-jupiter-params-5.9.2.jar:/home/ali/.m2/repository/org/junit/jupiter/junit-jupiter-engine/5.9.2/junit-jupiter-engine-5.9.2.jar:/home/ali/.m2/repository/org/junit/platform/junit-platform-engine/1.9.2/junit-platform-engine-1.9.2.jar:/home/ali/.m2/repository/net/jqwik/jqwik/1.8.5/jqwik-1.8.5.jar:/home/ali/.m2/repository/org/apiguardian/apiguardian-api/1.1.2/apiguardian-api-1.1.2.jar:/home/ali/.m2/repository/net/jqwik/jqwik-api/1.8.5/jqwik-api-1.8.5.jar:/home/ali/.m2/repository/net/jqwik/jqwik-web/1.8.5/jqwik-web-1.8.5.jar:/home/ali/.m2/repository/net/jqwik/jqwik-time/1.8.5/jqwik-time-1.8.5.jar:/home/ali/.m2/repository/net/jqwik/jqwik-engine/1.8.5/jqwik-engine-1.8.5.jar:/home/ali/.m2/repository/org/assertj/assertj-core/3.24.2/assertj-core-3.24.2.jar:/home/ali/.m2/repository/net/bytebuddy/byte-buddy/1.12.21/byte-buddy-1.12.21.jar:/home/ali/.m2/repository/org/projectlombok/lombok/1.18.34/lombok-1.18.34.jar:"/>
    <property name="sun.cpu.endian" value="little"/>
    <property name="user.home" value="/home/ali"/>
    <property name="user.language" value="en"/>
    <property name="java.specification.vendor" value="Oracle Corporation"/>
    <property name="java.version.date" value="2024-07-16"/>
    <property name="java.home" value="/home/ali/.jdks/semeru-21.0.4"/>
    <property name="ibm.signalhandling.rs" value="false"/>
    <property name="openjdk.methodhandles" value="true"/>
    <property name="file.separator" value="/"/>
    <property name="jdk.extensions.name" value="Extensions for OpenJDK for Eclipse OpenJ9"/>
    <property name="basedir" value="/home/ali/Documents/kata"/>
    <property name="line.separator" value="&#10;"/>
    <property name="java.specification.name" value="Java Platform API Specification"/>
    <property name="java.vm.specification.vendor" value="Oracle Corporation"/>
    <property name="com.ibm.util.extralibs.properties" value=""/>
    <property name="java.awt.graphicsenv" value="sun.awt.X11GraphicsEnvironment"/>
    <property name="com.ibm.oti.configuration" value="scar"/>
    <property name="java.awt.fonts" value=""/>
    <property name="surefire.real.class.path" value="/home/ali/Documents/kata/target/surefire/surefirebooter-20240908122158083_3.jar"/>
    <property name="com.ibm.oti.shared.enabled" value="false"/>
    <property name="com.ibm.oti.vm.bootstrap.library.path" value="/home/ali/.jdks/semeru-21.0.4/lib/default:/home/ali/.jdks/semeru-21.0.4/lib"/>
    <property name="com.ibm.cpu.endian" value="little"/>
    <property name="java.fullversion" value="21.0.4+7-LTS&#10;JRE 21 Linux amd64-64-Bit Compressed References 20240716_239 (JIT enabled, AOT enabled)&#10;OpenJ9   - 1a6f6128aa&#10;OMR      - 840a9adba&#10;JCL      - 7d844187b25 based on jdk-21.0.4+7"/>
    <property name="java.runtime.version" value="21.0.4+7-LTS"/>
    <property name="user.name" value="ali"/>
    <property name="stdout.encoding" value="UTF-8"/>
    <property name="path.separator" value=":"/>
    <property name="os.version" value="6.8.0-40-generic"/>
    <property name="java.runtime.name" value="IBM Semeru Runtime Open Edition"/>
    <property name="ibm.signalhandling.sigint" value="true"/>
    <property name="org.eclipse.openj9.criu.isCRaCCapable" value="true"/>
    <property name="file.encoding" value="UTF-8"/>
    <property name="openj9.compiler" value="j9jit29"/>
    <property name="org.eclipse.openj9.criu.isCRIUCapable" value="true"/>
    <property name="java.vm.name" value="Eclipse OpenJ9 VM"/>
    <property name="java.vendor.version" value="21.0.4.0"/>
    <property name="ibm.signalhandling.sigchain" value="true"/>
    <property name="localRepository" value="/home/ali/.m2/repository"/>
    <property name="java.vendor.url.bug" value="https://github.com/ibmruntimes/Semeru-Runtimes/issues"/>
    <property name="java.io.tmpdir" value="/tmp"/>
    <property name="idea.version" value="2024.1"/>
    <property name="java.version" value="21.0.4"/>
    <property name="com.ibm.system.agent.path" value="/home/ali/.jdks/semeru-21.0.4/lib"/>
    <property name="user.dir" value="/home/ali/Documents/kata"/>
    <property name="os.arch" value="amd64"/>
    <property name="java.vm.specification.name" value="Java Virtual Machine Specification"/>
    <property name="java.awt.printerjob" value="sun.print.PSPrinterJob"/>
    <property name="os.encoding" value="UTF-8"/>
    <property name="native.encoding" value="UTF-8"/>
    <property name="java.library.path" value="/home/ali/.jdks/semeru-21.0.4/lib/default:/home/ali/.jdks/semeru-21.0.4/lib:/usr/lib64:/usr/lib"/>
    <property name="java.vendor" value="IBM Corporation"/>
    <property name="java.vm.info" value="JRE 21 Linux amd64-64-Bit Compressed References 20240716_239 (JIT enabled, AOT enabled)&#10;OpenJ9   - 1a6f6128aa&#10;OMR      - 840a9adba&#10;JCL      - 7d844187b25 based on jdk-21.0.4+7"/>
    <property name="stderr.encoding" value="UTF-8"/>
    <property name="java.vm.version" value="openj9-0.46.0"/>
    <property name="com.ibm.jcl.checkClassPath" value=""/>
    <property name="ibm.system.encoding" value="UTF-8"/>
    <property name="java.lang.invoke.VarHandle.VAR_HANDLE_GUARDS" value="false"/>
    <property name="sun.io.unicode.encoding" value="UnicodeLittle"/>
    <property name="java.class.version" value="65.0"/>
  </properties>
  <testcase name="testAddition(String, String, String)[1]" classname="com.codeforces.AddStringTest" time="0.038"/>
  <testcase name="testAddition(String, String, String)[2]" classname="com.codeforces.AddStringTest" time="0.0"/>
  <testcase name="testAddition(String, String, String)[3]" classname="com.codeforces.AddStringTest" time="0.0"/>
  <testcase name="testAddition(String, String, String)[4]" classname="com.codeforces.AddStringTest" time="0.001"/>
  <testcase name="testAddition(String, String, String)[5]" classname="com.codeforces.AddStringTest" time="0.0"/>
</testsuite>